# JRE version: Java(TM) SE Runtime Environment (8.0_121-b13) (build 1.8.0_121-b13)
# Java VM: Java HotSpot(TM) 64-Bit Server VM (25.121-b13 mixed mode linux-amd64 compressed oops)
Heap:
 def new generation   total 4032K, used 540K [0x00000000f0600000, 0x00000000f0a50000, 0x00000000f5950000)
  eden space 3648K,   6% used [0x00000000f0600000, 0x00000000f063c358, 0x00000000f0990000)
  from space 384K,  78% used [0x00000000f0990000, 0x00000000f09db050, 0x00000000f09f0000)
  to   space 384K,   0% used [0x00000000f09f0000, 0x00000000f09f0000, 0x00000000f0a50000)
 tenured generation   total 8796K, used 6201K [0x00000000f5950000, 0x00000000f61e7000, 0x0000000100000000)
   the space 8796K,  70% used [0x00000000f5950000, 0x00000000f5f5e728, 0x00000000f5f5e800, 0x00000000f61e7000)
 Metaspace       used 7782K, capacity 8532K, committed 8704K, reserved 1056768K
  class space    used 939K, capacity 976K, committed 1024K, reserved 1048576K
GC Heap History (10 events):
Event: 0.848 GC heap before
{Heap before GC invocations=6 (full 0):
 def new generation   total 2432K, used 2432K [0x00000000f0600000, 0x00000000f08a0000, 0x00000000f5950000)
  eden space 2176K, 100% used [0x00000000f0600000, 0x00000000f0820000, 0x00000000f0820000)
  from space 256K, 100% used [0x00000000f0820000, 0x00000000f0860000, 0x00000000f0860000)
  to   space 256K,   0% used [0x00000000f0860000, 0x00000000f0860000, 0x00000000f08a0000)
 tenured generation   total 5504K, used 1629K [0x00000000f5950000, 0x00000000f5eb0000, 0x0000000100000000)
   the space 5504K,  29% used [0x00000000f5950000, 0x00000000f5ae75b8, 0x00000000f5ae7600, 0x00000000f5eb0000)
 Metaspace       used 7288K, capacity 8180K, committed 8448K, reserved 1056768K
  class space    used 889K, capacity 944K, committed 1024K, reserved 1048576K
Event: 0.851 GC heap after
Heap after GC invocations=7 (full 0):
 def new generation   total 2432K, used 256K [0x00000000f0600000, 0x00000000f08a0000, 0x00000000f5950000)
  eden space 2176K,   0% used [0x00000000f0600000, 0x00000000f0600000, 0x00000000f0820000)
  from space 256K, 100% used [0x00000000f0860000, 0x00000000f08a0000, 0x00000000f08a0000)
  to   space 256K,   0% used [0x00000000f0820000, 0x00000000f0820000, 0x00000000f0860000)
 tenured generation   total 5504K, used 3648K [0x00000000f5950000, 0x00000000f5eb0000, 0x0000000100000000)
   the space 5504K,  66% used [0x00000000f5950000, 0x00000000f5ce01d8, 0x00000000f5ce0200, 0x00000000f5eb0000)
 Metaspace       used 7288K, capacity 8180K, committed 8448K, reserved 1056768K
  class space    used 889K, capacity 944K, committed 1024K, reserved 1048576K
}
Event: 0.871 GC heap before
{Heap before GC invocations=7 (full 0):
 def new generation   total 2432K, used 2401K [0x00000000f0600000, 0x00000000f08a0000, 0x00000000f5950000)
  eden space 2176K,  98% used [0x00000000f0600000, 0x00000000f0818410, 0x00000000f0820000)
  from space 256K, 100% used [0x00000000f0860000, 0x00000000f08a0000, 0x00000000f08a0000)
  to   space 256K,   0% used [0x00000000f0820000, 0x00000000f0820000, 0x00000000f0860000)
 tenured generation   total 5504K, used 3648K [0x00000000f5950000, 0x00000000f5eb0000, 0x0000000100000000)
   the space 5504K,  66% used [0x00000000f5950000, 0x00000000f5ce01d8, 0x00000000f5ce0200, 0x00000000f5eb0000)
 Metaspace       used 7290K, capacity 8180K, committed 8448K, reserved 1056768K
  class space    used 889K, capacity 944K, committed 1024K, reserved 1048576K
Event: 0.874 GC heap after
Heap after GC invocations=8 (full 0):
 def new generation   total 2432K, used 255K [0x00000000f0600000, 0x00000000f08a0000, 0x00000000f5950000)
  eden space 2176K,   0% used [0x00000000f0600000, 0x00000000f0600000, 0x00000000f0820000)
  from space 256K,  99% used [0x00000000f0820000, 0x00000000f085fff8, 0x00000000f0860000)
  to   space 256K,   0% used [0x00000000f0860000, 0x00000000f0860000, 0x00000000f08a0000)
 tenured generation   total 5504K, used 5439K [0x00000000f5950000, 0x00000000f5eb0000, 0x0000000100000000)
   the space 5504K,  98% used [0x00000000f5950000, 0x00000000f5e9fd70, 0x00000000f5e9fe00, 0x00000000f5eb0000)
 Metaspace       used 7290K, capacity 8180K, committed 8448K, reserved 1056768K
  class space    used 889K, capacity 944K, committed 1024K, reserved 1048576K
}
Event: 0.930 GC heap before
{Heap before GC invocations=8 (full 0):
 def new generation   total 2432K, used 2431K [0x00000000f0600000, 0x00000000f08a0000, 0x00000000f5950000)
  eden space 2176K, 100% used [0x00000000f0600000, 0x00000000f0820000, 0x00000000f0820000)
  from space 256K,  99% used [0x00000000f0820000, 0x00000000f085fff8, 0x00000000f0860000)
  to   space 256K,   0% used [0x00000000f0860000, 0x00000000f0860000, 0x00000000f08a0000)
 tenured generation   total 5504K, used 5439K [0x00000000f5950000, 0x00000000f5eb0000, 0x0000000100000000)
   the space 5504K,  98% used [0x00000000f5950000, 0x00000000f5e9fd70, 0x00000000f5e9fe00, 0x00000000f5eb0000)
 Metaspace       used 7306K, capacity 8180K, committed 8448K, reserved 1056768K
  class space    used 890K, capacity 944K, committed 1024K, reserved 1048576K
Event: 0.948 GC heap after
Heap after GC invocations=9 (full 1):
 def new generation   total 4032K, used 0K [0x00000000f0600000, 0x00000000f0a50000, 0x00000000f5950000)
  eden space 3648K,   0% used [0x00000000f0600000, 0x00000000f0600000, 0x00000000f0990000)
  from space 384K,   0% used [0x00000000f0990000, 0x00000000f0990000, 0x00000000f09f0000)
  to   space 384K,   0% used [0x00000000f09f0000, 0x00000000f09f0000, 0x00000000f0a50000)
 tenured generation   total 8796K, used 5275K [0x00000000f5950000, 0x00000000f61e7000, 0x0000000100000000)
   the space 8796K,  59% used [0x00000000f5950000, 0x00000000f5e76fb8, 0x00000000f5e77000, 0x00000000f61e7000)
 Metaspace       used 7306K, capacity 8180K, committed 8448K, reserved 1056768K
  class space    used 890K, capacity 944K, committed 1024K, reserved 1048576K
}
Event: 1.077 GC heap before
{Heap before GC invocations=9 (full 1):
 def new generation   total 4032K, used 3648K [0x00000000f0600000, 0x00000000f0a50000, 0x00000000f5950000)
  eden space 3648K, 100% used [0x00000000f0600000, 0x00000000f0990000, 0x00000000f0990000)
  from space 384K,   0% used [0x00000000f0990000, 0x00000000f0990000, 0x00000000f09f0000)
  to   space 384K,   0% used [0x00000000f09f0000, 0x00000000f09f0000, 0x00000000f0a50000)
 tenured generation   total 8796K, used 5275K [0x00000000f5950000, 0x00000000f61e7000, 0x0000000100000000)
   the space 8796K,  59% used [0x00000000f5950000, 0x00000000f5e76fb8, 0x00000000f5e77000, 0x00000000f61e7000)
 Metaspace       used 7394K, capacity 8244K, committed 8448K, reserved 1056768K
  class space    used 897K, capacity 944K, committed 1024K, reserved 1048576K
Event: 1.173 GC heap after
Heap after GC invocations=10 (full 1):
 def new generation   total 4032K, used 383K [0x00000000f0600000, 0x00000000f0a50000, 0x00000000f5950000)
  eden space 3648K,   0% used [0x00000000f0600000, 0x00000000f0600000, 0x00000000f0990000)
  from space 384K,  99% used [0x00000000f09f0000, 0x00000000f0a4fff8, 0x00000000f0a50000)
  to   space 384K,   0% used [0x00000000f0990000, 0x00000000f0990000, 0x00000000f09f0000)
 tenured generation   total 8796K, used 5828K [0x00000000f5950000, 0x00000000f61e7000, 0x0000000100000000)
   the space 8796K,  66% used [0x00000000f5950000, 0x00000000f5f010a8, 0x00000000f5f01200, 0x00000000f61e7000)
 Metaspace       used 7394K, capacity 8244K, committed 8448K, reserved 1056768K
  class space    used 897K, capacity 944K, committed 1024K, reserved 1048576K
}
Event: 1.273 GC heap before
{Heap before GC invocations=10 (full 1):
 def new generation   total 4032K, used 4031K [0x00000000f0600000, 0x00000000f0a50000, 0x00000000f5950000)
  eden space 3648K, 100% used [0x00000000f0600000, 0x00000000f0990000, 0x00000000f0990000)
  from space 384K,  99% used [0x00000000f09f0000, 0x00000000f0a4fff8, 0x00000000f0a50000)
  to   space 384K,   0% used [0x00000000f0990000, 0x00000000f0990000, 0x00000000f09f0000)
 tenured generation   total 8796K, used 5828K [0x00000000f5950000, 0x00000000f61e7000, 0x0000000100000000)
   the space 8796K,  66% used [0x00000000f5950000, 0x00000000f5f010a8, 0x00000000f5f01200, 0x00000000f61e7000)
 Metaspace       used 7725K, capacity 8468K, committed 8704K, reserved 1056768K
  class space    used 932K, capacity 976K, committed 1024K, reserved 1048576K
Event: 1.277 GC heap after
Heap after GC invocations=11 (full 1):
 def new generation   total 4032K, used 300K [0x00000000f0600000, 0x00000000f0a50000, 0x00000000f5950000)
  eden space 3648K,   0% used [0x00000000f0600000, 0x00000000f0600000, 0x00000000f0990000)
  from space 384K,  78% used [0x00000000f0990000, 0x00000000f09db050, 0x00000000f09f0000)
  to   space 384K,   0% used [0x00000000f09f0000, 0x00000000f09f0000, 0x00000000f0a50000)
 tenured generation   total 8796K, used 6201K [0x00000000f5950000, 0x00000000f61e7000, 0x0000000100000000)
   the space 8796K,  70% used [0x00000000f5950000, 0x00000000f5f5e728, 0x00000000f5f5e800, 0x00000000f61e7000)
 Metaspace       used 7725K, capacity 8468K, committed 8704K, reserved 1056768K
  class space    used 932K, capacity 976K, committed 1024K, reserved 1048576K
}

